<?xml version="1.0" encoding="UTF-8"?>
<!-- Generated by org.testng.reporters.JUnitXMLReporter -->
<testsuite hostname="ARANJAN-LTW7" ignored="1" name="Default test(failed)" tests="1" failures="1" timestamp="18 Apr 2018 05:35:40 GMT" time="0.038" errors="0">
  <testcase name="test2" time="0.013" classname="com.testcase.all.Fail_Pass_Test_Case">
    <failure type="java.lang.AssertionError" message="expected [true] but found [false]">
      <![CDATA[java.lang.AssertionError: expected [true] but found [false]
	at com.testcase.all.Fail_Pass_Test_Case.test2(Fail_Pass_Test_Case.java:18)
... Removed 29 stack frames]]>
    </failure>
  </testcase> <!-- test2 -->
  <testcase name="test1" time="0.0" classname="com.testcase.all.Fail_Pass_Test_Case">
    <ignored/>
  </testcase> <!-- test1 -->
</testsuite> <!-- Default test(failed) -->
