<?xml version="1.0" encoding="UTF-8"?>
<!-- Generated by org.testng.reporters.JUnitXMLReporter -->
<testsuite hostname="ARANJAN-LTW7" ignored="0" name="TEST_ASHIWANI" tests="2" failures="0" timestamp="09 May 2018 04:56:41 GMT" time="0.032" errors="0">
  <testcase name="testCaseOne" time="0.008" classname="com.framework.datadriven.ParameterPassFromtestng_xmlFile"/>
  <testcase name="testCaseTwo" time="0.001" classname="com.framework.datadriven.ParameterPassFromtestng_xmlFile"/>
</testsuite> <!-- TEST_ASHIWANI -->
