<?xml version="1.0" encoding="UTF-8"?>
<!-- Generated by org.testng.reporters.JUnitXMLReporter -->
<testsuite hostname="ARANJAN-LTW7" ignored="0" name="TEST_ASHIWANI" tests="2" failures="0" timestamp="16 Apr 2018 10:46:20 GMT" time="0.033" errors="0">
  <testcase name="testCaseOne" time="0.01" classname="com.framework.datadriven.ParameterPassFromtestng_xmlFile"/>
  <testcase name="testCaseTwo" time="0.002" classname="com.framework.datadriven.ParameterPassFromtestng_xmlFile"/>
</testsuite> <!-- TEST_ASHIWANI -->
