<?xml version="1.0" encoding="UTF-8"?>
<!-- Generated by org.testng.reporters.JUnitXMLReporter -->
<testsuite hostname="ARANJAN-LTW7" ignored="3" name="Test" tests="3" failures="0" timestamp="13 May 2018 16:18:26 GMT" time="0.038" errors="0">
  <testcase name="f" time="0.008" classname="com.testng.feature.GroupTest"/>
  <testcase name="f1" time="0.001" classname="com.testng.feature.GroupTest"/>
  <testcase name="login" time="0.001" classname="com.testng.feature.TestGroupDemo"/>
  <testcase name="f3" time="0.0" classname="com.testng.feature.GroupTest">
    <ignored/>
  </testcase> <!-- f3 -->
  <testcase name="register" time="0.0" classname="com.testng.feature.TestGroupDemo">
    <ignored/>
  </testcase> <!-- register -->
  <testcase name="f2" time="0.0" classname="com.testng.feature.GroupTest">
    <ignored/>
  </testcase> <!-- f2 -->
</testsuite> <!-- Test -->
