<?xml version="1.0" encoding="UTF-8"?>
<!-- Generated by org.testng.reporters.JUnitXMLReporter -->
<testsuite hostname="ARANJAN-LTW7" ignored="0" name="Listener Example" tests="3" failures="1" timestamp="09 Apr 2018 04:38:45 GMT" time="0.048" errors="0">
  <testcase name="Test1" time="0.005" classname="com.testng.listner.ListenerTest"/>
  <testcase name="Test2" time="0.004" classname="com.testng.listner.ListenerTest">
    <failure type="java.lang.AssertionError" message="expected [B] but found [A]">
      <![CDATA[java.lang.AssertionError: expected [B] but found [A]
	at com.testng.listner.ListenerTest.Test2(ListenerTest.java:20)
... Removed 31 stack frames]]>
    </failure>
  </testcase> <!-- Test2 -->
  <testcase name="Test3" time="0.002" classname="com.testng.listner.ListenerTest">
    <skipped/>
  </testcase> <!-- Test3 -->
</testsuite> <!-- Listener Example -->
