<?xml version="1.0" encoding="UTF-8"?>
<testng-results skipped="0" failed="0" ignored="0" total="1" passed="1">
  <reporter-output>
    <line>
      <![CDATA[=====Browser Session Started=====]]>
    </line>
    <line>
      <![CDATA[=====Application Started======================]]>
    </line>
    <line>
      <![CDATA[Test case executed successfully]]>
    </line>
    <line>
      <![CDATA[=====Browser Session End Successfully=====]]>
    </line>
  </reporter-output>
  <suite name="Default suite" duration-ms="21192" started-at="2018-05-16T09:12:43Z" finished-at="2018-05-16T09:13:04Z">
    <groups>
    </groups>
    <test name="Default test" duration-ms="21192" started-at="2018-05-16T09:12:43Z" finished-at="2018-05-16T09:13:04Z">
      <class name="com.commands.MultipleTabHandles">
        <test-method status="PASS" signature="setUpExtentReport()[pri:0, instance:com.commands.MultipleTabHandles@14bf9759]" name="setUpExtentReport" is-config="true" duration-ms="290" started-at="2018-05-16T14:42:43Z" finished-at="2018-05-16T14:42:43Z">
          <reporter-output>
          </reporter-output>
        </test-method> <!-- setUpExtentReport -->
        <test-method status="PASS" signature="applicationStart()[pri:0, instance:com.commands.MultipleTabHandles@14bf9759]" name="applicationStart" is-config="true" duration-ms="9295" started-at="2018-05-16T14:42:43Z" finished-at="2018-05-16T14:42:52Z">
          <reporter-output>
            <line>
              <![CDATA[=====Browser Session Started=====]]>
            </line>
            <line>
              <![CDATA[=====Application Started======================]]>
            </line>
          </reporter-output>
        </test-method> <!-- applicationStart -->
        <test-method status="PASS" signature="f()[pri:0, instance:com.commands.MultipleTabHandles@14bf9759]" name="f" duration-ms="11053" started-at="2018-05-16T14:42:52Z" finished-at="2018-05-16T14:43:03Z">
          <reporter-output>
          </reporter-output>
        </test-method> <!-- f -->
        <test-method status="PASS" signature="writeResult(org.testng.ITestResult)[pri:0, instance:com.commands.MultipleTabHandles@14bf9759]" name="writeResult" is-config="true" duration-ms="2" started-at="2018-05-16T14:43:03Z" finished-at="2018-05-16T14:43:03Z">
          <params>
            <param index="0">
              <value>
                <![CDATA[[TestResult name=f status=SUCCESS method=MultipleTabHandles.f()[pri:0, instance:com.commands.MultipleTabHandles@14bf9759] output={null}]]]>
              </value>
            </param>
          </params>
          <reporter-output>
            <line>
              <![CDATA[Test case executed successfully]]>
            </line>
          </reporter-output>
        </test-method> <!-- writeResult -->
        <test-method status="PASS" signature="afterClass()[pri:0, instance:com.commands.MultipleTabHandles@14bf9759]" name="afterClass" is-config="true" duration-ms="820" started-at="2018-05-16T14:43:03Z" finished-at="2018-05-16T14:43:04Z">
          <reporter-output>
            <line>
              <![CDATA[=====Browser Session End Successfully=====]]>
            </line>
          </reporter-output>
        </test-method> <!-- afterClass -->
        <test-method status="PASS" signature="closeExtentReport()[pri:0, instance:com.commands.MultipleTabHandles@14bf9759]" name="closeExtentReport" is-config="true" duration-ms="330" started-at="2018-05-16T14:43:04Z" finished-at="2018-05-16T14:43:04Z">
          <reporter-output>
          </reporter-output>
        </test-method> <!-- closeExtentReport -->
      </class> <!-- com.commands.MultipleTabHandles -->
    </test> <!-- Default test -->
  </suite> <!-- Default suite -->
</testng-results>
