<?xml version="1.0" encoding="UTF-8"?>
<!-- Generated by org.testng.reporters.JUnitXMLReporter -->
<testsuite hostname="ARANJAN-LTW7" ignored="0" name="testngTest" tests="3" failures="0" timestamp="27 May 2018 05:53:22 GMT" time="61.869" errors="0">
  <testcase name="getChorme" time="16.664" classname="com.testng.feature.ParallelTestRun"/>
  <testcase name="getFirefox" time="16.68" classname="com.testng.feature.ParallelTestRun"/>
  <testcase name="getIE" time="61.842" classname="com.testng.feature.ParallelTestRun"/>
</testsuite> <!-- testngTest -->
