<?xml version="1.0" encoding="UTF-8"?>
<!-- Generated by org.testng.reporters.JUnitXMLReporter -->
<testsuite hostname="ARANJAN-LTW7" ignored="0" name="testngTest" tests="3" failures="2" timestamp="29 May 2018 05:40:23 GMT" time="19.294" errors="0">
  <testcase name="getChorme" time="13.954" classname="com.testng.feature.ParallelTestRun"/>
  <testcase name="getIE" time="14.046" classname="com.testng.feature.ParallelTestRun">
    <failure type="org.openqa.selenium.UnsupportedCommandException" message="Error 404: Not Found
Not Found
Command duration or timeout: 6.16 seconds
Build info: version: &amp;apos;3.7.1&amp;apos;, revision: &amp;apos;8a0099a&amp;apos;, time: &amp;apos;2017-11-06T21:07:36.161Z&amp;apos;
System info: host: &amp;apos;ARANJAN-LTW7&amp;apos;, ip: &amp;apos;10.33.176.52&amp;apos;, os.name: &amp;apos;Windows 7&amp;apos;, os.arch: &amp;apos;amd64&amp;apos;, os.version: &amp;apos;6.1&amp;apos;, java.version: &amp;apos;1.8.0_131&amp;apos;
Driver info: org.openqa.selenium.ie.InternetExplorerDriver
Capabilities {browserAttachTimeout: 0, browserName: internet explorer, elementScrollBehavior: 0, enableElementCacheCleanup: true, enablePersistentHover: true, ie.browserCommandLineSwitches: , ie.enableFullPageScreenshot: true, ie.ensureCleanSession: false, ie.fileUploadDialogTimeout: 3000, ie.forceCreateProcessApi: false, ie.forceShellWindowsApi: false, ignoreProtectedModeSettings: false, ignoreZoomSetting: false, initialBrowserUrl: http://localhost:41893/, javascriptEnabled: true, nativeEvents: true, pageLoadStrategy: normal, platform: WINDOWS, platformName: WINDOWS, requireWindowFocus: false, unexpectedAlertBehaviour: dismiss, unhandledPromptBehavior: dismiss, version: 11}
Session ID: 6b8456bd-3d60-4958-ba17-520cc94485f5">
      <![CDATA[org.openqa.selenium.UnsupportedCommandException: Error 404: Not Found
Not Found
Command duration or timeout: 6.16 seconds
Build info: version: '3.7.1', revision: '8a0099a', time: '2017-11-06T21:07:36.161Z'
System info: host: 'ARANJAN-LTW7', ip: '10.33.176.52', os.name: 'Windows 7', os.arch: 'amd64', os.version: '6.1', java.version: '1.8.0_131'
Driver info: org.openqa.selenium.ie.InternetExplorerDriver
Capabilities {browserAttachTimeout: 0, browserName: internet explorer, elementScrollBehavior: 0, enableElementCacheCleanup: true, enablePersistentHover: true, ie.browserCommandLineSwitches: , ie.enableFullPageScreenshot: true, ie.ensureCleanSession: false, ie.fileUploadDialogTimeout: 3000, ie.forceCreateProcessApi: false, ie.forceShellWindowsApi: false, ignoreProtectedModeSettings: false, ignoreZoomSetting: false, initialBrowserUrl: http://localhost:41893/, javascriptEnabled: true, nativeEvents: true, pageLoadStrategy: normal, platform: WINDOWS, platformName: WINDOWS, requireWindowFocus: false, unexpectedAlertBehaviour: dismiss, unhandledPromptBehavior: dismiss, version: 11}
Session ID: 6b8456bd-3d60-4958-ba17-520cc94485f5
	at org.openqa.selenium.remote.ErrorHandler.createThrowable(ErrorHandler.java:214)
	at org.openqa.selenium.remote.ErrorHandler.throwIfResponseFailed(ErrorHandler.java:166)
	at org.openqa.selenium.remote.RemoteWebDriver.execute(RemoteWebDriver.java:634)
	at org.openqa.selenium.remote.RemoteWebDriver.get(RemoteWebDriver.java:324)
	at com.testng.feature.ParallelTestRun.getIE(ParallelTestRun.java:35)
	at java.util.concurrent.ThreadPoolExecutor.runWorker(Unknown Source)
	at java.util.concurrent.ThreadPoolExecutor$Worker.run(Unknown Source)
	at java.lang.Thread.run(Unknown Source)
... Removed 14 stack frames]]>
    </failure>
  </testcase> <!-- getIE -->
  <testcase name="getFirefox" time="19.244" classname="com.testng.feature.ParallelTestRun">
    <failure type="org.openqa.selenium.NoSuchWindowException" message="Browsing context has been discarded
Build info: version: &amp;apos;3.7.1&amp;apos;, revision: &amp;apos;8a0099a&amp;apos;, time: &amp;apos;2017-11-06T21:07:36.161Z&amp;apos;
System info: host: &amp;apos;ARANJAN-LTW7&amp;apos;, ip: &amp;apos;10.33.176.52&amp;apos;, os.name: &amp;apos;Windows 7&amp;apos;, os.arch: &amp;apos;amd64&amp;apos;, os.version: &amp;apos;6.1&amp;apos;, java.version: &amp;apos;1.8.0_131&amp;apos;
Driver info: org.openqa.selenium.firefox.FirefoxDriver
Capabilities {acceptInsecureCerts: false, browserName: firefox, browserVersion: 60.0, javascriptEnabled: true, moz:accessibilityChecks: false, moz:headless: false, moz:processID: 14344, moz:profile: C:\Users\aranjan\AppData\Lo..., moz:useNonSpecCompliantPointerOrigin: false, moz:webdriverClick: true, pageLoadStrategy: normal, platform: XP, platformName: XP, platformVersion: 6.1, rotatable: false, timeouts: {implicit: 0, pageLoad: 300000, script: 30000}}
Session ID: e0cc430c-bdf8-4ffa-8687-b26166dcedd6">
      <![CDATA[org.openqa.selenium.NoSuchWindowException: Browsing context has been discarded
Build info: version: '3.7.1', revision: '8a0099a', time: '2017-11-06T21:07:36.161Z'
System info: host: 'ARANJAN-LTW7', ip: '10.33.176.52', os.name: 'Windows 7', os.arch: 'amd64', os.version: '6.1', java.version: '1.8.0_131'
Driver info: org.openqa.selenium.firefox.FirefoxDriver
Capabilities {acceptInsecureCerts: false, browserName: firefox, browserVersion: 60.0, javascriptEnabled: true, moz:accessibilityChecks: false, moz:headless: false, moz:processID: 14344, moz:profile: C:\Users\aranjan\AppData\Lo..., moz:useNonSpecCompliantPointerOrigin: false, moz:webdriverClick: true, pageLoadStrategy: normal, platform: XP, platformName: XP, platformVersion: 6.1, rotatable: false, timeouts: {implicit: 0, pageLoad: 300000, script: 30000}}
Session ID: e0cc430c-bdf8-4ffa-8687-b26166dcedd6
	at org.openqa.selenium.remote.http.W3CHttpResponseCodec.createException(W3CHttpResponseCodec.java:187)
	at org.openqa.selenium.remote.http.W3CHttpResponseCodec.decode(W3CHttpResponseCodec.java:122)
	at org.openqa.selenium.remote.http.W3CHttpResponseCodec.decode(W3CHttpResponseCodec.java:49)
	at org.openqa.selenium.remote.HttpCommandExecutor.execute(HttpCommandExecutor.java:164)
	at org.openqa.selenium.remote.service.DriverCommandExecutor.execute(DriverCommandExecutor.java:83)
	at org.openqa.selenium.remote.RemoteWebDriver.execute(RemoteWebDriver.java:600)
	at org.openqa.selenium.remote.RemoteWebDriver.execute(RemoteWebDriver.java:657)
	at org.openqa.selenium.remote.RemoteWebDriver.close(RemoteWebDriver.java:486)
	at com.testng.feature.ParallelTestRun.getFirefox(ParallelTestRun.java:18)
	at java.util.concurrent.ThreadPoolExecutor.runWorker(Unknown Source)
	at java.util.concurrent.ThreadPoolExecutor$Worker.run(Unknown Source)
	at java.lang.Thread.run(Unknown Source)
... Removed 14 stack frames]]>
    </failure>
  </testcase> <!-- getFirefox -->
</testsuite> <!-- testngTest -->
