<?xml version="1.0" encoding="UTF-8"?>
<!-- Generated by org.testng.reporters.JUnitXMLReporter -->
<testsuite hostname="ARANJAN-LTW7" ignored="1" name="TEST_ASHIWANI" tests="3" failures="1" timestamp="19 Apr 2018 08:27:01 GMT" time="0.042" errors="0">
  <testcase name="testCaseSkipException" time="0.009" classname="com.testcase.all.SkipTestCase">
    <skipped/>
  </testcase> <!-- testCaseSkipException -->
  <testcase name="f" time="0.003" classname="com.testcase.all.AssertionExample"/>
  <testcase name="softassertion" time="0.004" classname="com.testcase.all.AssertionExample">
    <failure type="java.lang.AssertionError" message="expected [ashiwani] but found [Ashiwani]">
      <![CDATA[java.lang.AssertionError: expected [ashiwani] but found [Ashiwani]
	at com.testcase.all.AssertionExample.softassertion(AssertionExample.java:37)
... Removed 31 stack frames]]>
    </failure>
  </testcase> <!-- softassertion -->
  <testcase name="show" time="0.0" classname="com.testcase.all.SkipTestCase">
    <ignored/>
  </testcase> <!-- show -->
</testsuite> <!-- TEST_ASHIWANI -->
