<?xml version="1.0" encoding="UTF-8"?>
<!-- Generated by org.testng.reporters.JUnitXMLReporter -->
<testsuite hostname="ARANJAN-LTW7" ignored="6" name="TEST_ALL_ASHIWANI" tests="4" failures="1" timestamp="21 Jun 2018 06:19:29 GMT" time="55.001" errors="0">
  <testcase name="checkbox" time="1.76" classname="com.the_internet_herokuapp.testcase.CheckBoxes"/>
  <testcase name="f" time="8.338" classname="com.the_internet_herokuapp.testcase.Basic_Auth"/>
  <testcase name="f" time="0.678" classname="com.the_internet_herokuapp.testcase.File_Upload">
    <failure type="org.openqa.selenium.InvalidArgumentException" message="Cannot click &amp;lt;input type=file&amp;gt; elements
Build info: version: &amp;apos;3.7.1&amp;apos;, revision: &amp;apos;8a0099a&amp;apos;, time: &amp;apos;2017-11-06T21:07:36.161Z&amp;apos;
System info: host: &amp;apos;ARANJAN-LTW7&amp;apos;, ip: &amp;apos;10.33.176.56&amp;apos;, os.name: &amp;apos;Windows 7&amp;apos;, os.arch: &amp;apos;amd64&amp;apos;, os.version: &amp;apos;6.1&amp;apos;, java.version: &amp;apos;1.8.0_131&amp;apos;
Driver info: org.openqa.selenium.firefox.FirefoxDriver
Capabilities {acceptInsecureCerts: true, browserName: firefox, browserVersion: 60.0, javascriptEnabled: true, moz:accessibilityChecks: false, moz:headless: false, moz:processID: 8188, moz:profile: C:\Users\aranjan\AppData\Lo..., moz:useNonSpecCompliantPointerOrigin: false, moz:webdriverClick: true, pageLoadStrategy: normal, platform: XP, platformName: XP, platformVersion: 6.1, rotatable: false, timeouts: {implicit: 0, pageLoad: 300000, script: 30000}}
Session ID: ddb9db36-87f0-4de1-9917-dcf52170ea97">
      <![CDATA[org.openqa.selenium.InvalidArgumentException: Cannot click <input type=file> elements
Build info: version: '3.7.1', revision: '8a0099a', time: '2017-11-06T21:07:36.161Z'
System info: host: 'ARANJAN-LTW7', ip: '10.33.176.56', os.name: 'Windows 7', os.arch: 'amd64', os.version: '6.1', java.version: '1.8.0_131'
Driver info: org.openqa.selenium.firefox.FirefoxDriver
Capabilities {acceptInsecureCerts: true, browserName: firefox, browserVersion: 60.0, javascriptEnabled: true, moz:accessibilityChecks: false, moz:headless: false, moz:processID: 8188, moz:profile: C:\Users\aranjan\AppData\Lo..., moz:useNonSpecCompliantPointerOrigin: false, moz:webdriverClick: true, pageLoadStrategy: normal, platform: XP, platformName: XP, platformVersion: 6.1, rotatable: false, timeouts: {implicit: 0, pageLoad: 300000, script: 30000}}
Session ID: ddb9db36-87f0-4de1-9917-dcf52170ea97
	at org.openqa.selenium.remote.http.W3CHttpResponseCodec.createException(W3CHttpResponseCodec.java:187)
	at org.openqa.selenium.remote.http.W3CHttpResponseCodec.decode(W3CHttpResponseCodec.java:122)
	at org.openqa.selenium.remote.http.W3CHttpResponseCodec.decode(W3CHttpResponseCodec.java:49)
	at org.openqa.selenium.remote.HttpCommandExecutor.execute(HttpCommandExecutor.java:164)
	at org.openqa.selenium.remote.service.DriverCommandExecutor.execute(DriverCommandExecutor.java:83)
	at org.openqa.selenium.remote.RemoteWebDriver.execute(RemoteWebDriver.java:600)
	at org.openqa.selenium.remote.RemoteWebElement.execute(RemoteWebElement.java:279)
	at org.openqa.selenium.remote.RemoteWebElement.click(RemoteWebElement.java:83)
	at com.the_internet_herokuapp.testcase.File_Upload.f(File_Upload.java:17)
... Removed 29 stack frames]]>
    </failure>
  </testcase> <!-- f -->
  <testcase name="valid" time="8.208" classname="com.the_internet_herokuapp.testcase.Form_Authentication"/>
  <testcase name="@BeforeSuite setUpExtentReport" time="0.0" classname="BaseOperation.BaseClass">
    <ignored/>
  </testcase> <!-- @BeforeSuite setUpExtentReport -->
  <testcase name="@BeforeSuite setUpExtentReport" time="0.0" classname="BaseOperation.BaseClass">
    <ignored/>
  </testcase> <!-- @BeforeSuite setUpExtentReport -->
  <testcase name="@BeforeSuite setUpExtentReport" time="0.0" classname="BaseOperation.BaseClass">
    <ignored/>
  </testcase> <!-- @BeforeSuite setUpExtentReport -->
  <testcase name="@AfterSuite closeExtentReport" time="0.0" classname="BaseOperation.BaseClass">
    <ignored/>
  </testcase> <!-- @AfterSuite closeExtentReport -->
  <testcase name="@AfterSuite closeExtentReport" time="0.0" classname="BaseOperation.BaseClass">
    <ignored/>
  </testcase> <!-- @AfterSuite closeExtentReport -->
  <testcase name="@AfterSuite closeExtentReport" time="0.0" classname="BaseOperation.BaseClass">
    <ignored/>
  </testcase> <!-- @AfterSuite closeExtentReport -->
</testsuite> <!-- TEST_ALL_ASHIWANI -->
