<?xml version="1.0" encoding="UTF-8"?>
<!-- Generated by org.testng.reporters.JUnitXMLReporter -->
<testsuite hostname="SW-LP03686" ignored="2" name="TEST_ALL_ASHIWANI" tests="2" failures="0" timestamp="21 Oct 2018 12:05:55 GMT" time="9.928" errors="0">
  <testcase name="checkbox" time="1.485" classname="com.the_internet_herokuapp.testcase.CheckBoxes"/>
  <testcase name="valid" time="8.202" classname="com.the_internet_herokuapp.testcase.Form_Authentication"/>
  <testcase name="@AfterSuite closeExtentReport" time="0.0" classname="com.baseselenium.BaseClass">
    <ignored/>
  </testcase> <!-- @AfterSuite closeExtentReport -->
  <testcase name="@BeforeSuite setUpExtentReport" time="0.0" classname="com.baseselenium.BaseClass">
    <ignored/>
  </testcase> <!-- @BeforeSuite setUpExtentReport -->
</testsuite> <!-- TEST_ALL_ASHIWANI -->
